#
# A fatal error has been detected by the Java Runtime Environment:
#
#  SIGSEGV (0xb) at pc=0x00007f325091c9eb, pid=18463, tid=18464
#
# JRE version: OpenJDK Runtime Environment (11.0.7+10) (build 11.0.7+10-post-Ubuntu-3ubuntu1)
# Java VM: OpenJDK 64-Bit Server VM (11.0.7+10-post-Ubuntu-3ubuntu1, mixed mode, tiered, compressed oops, g1 gc, linux-amd64)
# Problematic frame:
# j  MultiMatriz.multiMatrizNativo([[I[[I)[[I+0
#
# No core dump will be written. Core dumps have been disabled. To enable core dumping, try "ulimit -c unlimited" before starting Java again
#
# If you would like to submit a bug report, please visit:
#   https://bugs.launchpad.net/ubuntu/+source/openjdk-lts
#

---------------  S U M M A R Y ------------

Command Line: -Djava.library.path=../c/ MultiMatriz

Host: Intel(R) Core(TM) i5-8265U CPU @ 1.60GHz, 8 cores, 6G, Ubuntu 20.04 LTS
Time: Fri Feb 18 15:27:37 2022 -03 elapsed time: 0 seconds (0d 0h 0m 0s)

---------------  T H R E A D  ---------------

Current thread (0x00007f3268015000):  JavaThread "main" [_thread_in_Java, id=18464, stack(0x00007f326e2bd000,0x00007f326e3be000)]

Stack: [0x00007f326e2bd000,0x00007f326e3be000],  sp=0x00007f326e3bc8f0,  free space=1022k
Native frames: (J=compiled Java code, A=aot compiled Java code, j=interpreted, Vv=VM code, C=native code)
j  MultiMatriz.multiMatrizNativo([[I[[I)[[I+0
j  MultiMatriz.main([Ljava/lang/String;)V+166
v  ~StubRoutines::call_stub
V  [libjvm.so+0x823ba9]
V  [libjvm.so+0x89d3e6]
V  [libjvm.so+0x89fda0]
C  [libjli.so+0x5a0e]
C  [libjli.so+0x9c41]


siginfo: si_signo: 11 (SIGSEGV), si_code: 1 (SEGV_MAPERR), si_addr: 0x000000000000850e

Register to memory mapping:

RAX=0x000000000000850e is an unknown value
RBX={method} {0x00007f325050d4e8} 'multiMatrizNativo' '([[I[[I)[[I' in 'MultiMatriz'
RCX=0x00007f3268000030 points into unknown readable memory: 00 00 00 00 00 00 00 00
RDX=0x0 is NULL
RSP=0x00007f326e3bc8f0 is pointing into the stack for thread: 0x00007f3268015000
RBP=0x00007f326e3bc960 is pointing into the stack for thread: 0x00007f3268015000
RSI=0x0000000000000001 is an unknown value
RDI=0x00007f32680008d0 points into unknown readable memory: 05 00 01 00 00 00 00 00
R8 =0x0000000000000007 is an unknown value
R9 =0x0000000000000004 is an unknown value
R10=0x0 is NULL
R11=0x00007f325091983b is at code_begin+27 in an Interpreter codelet
result handlers for native calls  [0x00007f3250919820, 0x00007f3250919840]  32 bytes
R12=0x0 is NULL
R13={method} {0x00007f325050d4e8} 'multiMatrizNativo' '([[I[[I)[[I' in 'MultiMatriz'
R14=0x00007f326e3bc990 is pointing into the stack for thread: 0x00007f3268015000
R15=0x00007f3268015000 is a thread


Registers:
RAX=0x000000000000850e, RBX=0x00007f325050d4e8, RCX=0x00007f3268000030, RDX=0x0000000000000000
RSP=0x00007f326e3bc8f0, RBP=0x00007f326e3bc960, RSI=0x0000000000000001, RDI=0x00007f32680008d0
R8 =0x0000000000000007, R9 =0x0000000000000004, R10=0x0000000000000000, R11=0x00007f325091983b
R12=0x0000000000000000, R13=0x00007f325050d4e8, R14=0x00007f326e3bc990, R15=0x00007f3268015000
RIP=0x00007f325091c9eb, EFLAGS=0x0000000000010246, CSGSFS=0x002b000000000033, ERR=0x0000000000000004
  TRAPNO=0x000000000000000e

Top of Stack: (sp=0x00007f326e3bc8f0)
0x00007f326e3bc8f0:   2525252525252525 00007f325091c890
0x00007f326e3bc900:   00007f326e3bc960 00007f325091c5de
0x00007f326e3bc910:   00007f325091c596 00007f326e3bc918
0x00007f326e3bc920:   00007f325050d4e8 00007f326e3bc990 

Instructions: (pc=0x00007f325091c9eb)
0x00007f325091c8eb:   ec 00 48 83 e4 f0 e8 3a d4 b0 1e 49 8b e4 4d 33
0x00007f325091c8fb:   e4 41 c7 87 b8 03 00 00 08 00 00 00 49 ba 00 00
0x00007f325091c90b:   00 00 00 00 00 00 4d 89 97 20 03 00 00 49 ba 00
0x00007f325091c91b:   00 00 00 00 00 00 00 4d 89 97 30 03 00 00 49 ba
0x00007f325091c92b:   00 00 00 00 00 00 00 00 4d 89 97 28 03 00 00 c5
0x00007f325091c93b:   f8 77 4d 8b 9f e0 00 00 00 41 c7 83 00 01 00 00
0x00007f325091c94b:   00 00 00 00 49 bb 3b 98 91 50 32 7f 00 00 4c 3b
0x00007f325091c95b:   5d 18 0f 85 a6 00 00 00 48 8b 04 24 48 83 c4 10
0x00007f325091c96b:   48 85 c0 0f 84 7a 00 00 00 48 a9 01 00 00 00 0f
0x00007f325091c97b:   84 6b 00 00 00 48 8b 40 ff 41 80 7f 30 00 0f 84
0x00007f325091c98b:   57 00 00 00 48 83 f8 00 0f 84 4d 00 00 00 4d 8b
0x00007f325091c99b:   5f 38 49 83 fb 00 0f 84 14 00 00 00 49 83 eb 08
0x00007f325091c9ab:   4d 89 5f 38 4d 03 5f 48 49 89 03 e9 2b 00 00 00
0x00007f325091c9bb:   50 49 8b f7 48 8b f8 f7 c4 0f 00 00 00 0f 84 12
0x00007f325091c9cb:   00 00 00 48 83 ec 08 e8 39 b1 4e 1e 48 83 c4 08
0x00007f325091c9db:   e9 05 00 00 00 e8 2b b1 4e 1e 58 e9 03 00 00 00
0x00007f325091c9eb:   48 8b 00 48 89 45 10 48 83 ec 10 48 89 04 24 49
0x00007f325091c9fb:   ba 00 00 00 00 00 00 00 00 4c 89 54 24 08 41 81
0x00007f325091ca0b:   bf 08 04 00 00 02 00 00 00 0f 85 bd 00 00 00 48
0x00007f325091ca1b:   89 64 24 d8 48 81 ec 80 00 00 00 48 89 44 24 78
0x00007f325091ca2b:   48 89 4c 24 70 48 89 54 24 68 48 89 5c 24 60 48
0x00007f325091ca3b:   89 6c 24 50 48 89 74 24 48 48 89 7c 24 40 4c 89
0x00007f325091ca4b:   44 24 38 4c 89 4c 24 30 4c 89 54 24 28 4c 89 5c
0x00007f325091ca5b:   24 20 4c 89 64 24 18 4c 89 6c 24 10 4c 89 74 24
0x00007f325091ca6b:   08 4c 89 3c 24 4c 8b e4 48 83 ec 00 48 83 e4 f0
0x00007f325091ca7b:   e8 e0 d1 a3 1e 49 8b e4 4c 8b 3c 24 4c 8b 74 24
0x00007f325091ca8b:   08 4c 8b 6c 24 10 4c 8b 64 24 18 4c 8b 5c 24 20
0x00007f325091ca9b:   4c 8b 54 24 28 4c 8b 4c 24 30 4c 8b 44 24 38 48
0x00007f325091caab:   8b 7c 24 40 48 8b 74 24 48 48 8b 6c 24 50 48 8b
0x00007f325091cabb:   5c 24 60 48 8b 54 24 68 48 8b 4c 24 70 48 8b 44
0x00007f325091cacb:   24 78 48 81 c4 80 00 00 00 4d 33 e4 48 8b 5d e8
0x00007f325091cadb:   4c 8b 6b 08 4d 8d 6d 38 49 81 7f 08 00 00 00 00 


Stack slot to memory mapping:
stack at sp + 0 slots: 0x2525252525252525 is an unknown value
stack at sp + 1 slots: 0x00007f325091c890 is at code_begin+944 in an Interpreter codelet
method entry point (kind = native)  [0x00007f325091c4e0, 0x00007f325091cf20]  2624 bytes
stack at sp + 2 slots: 0x00007f326e3bc960 is pointing into the stack for thread: 0x00007f3268015000
stack at sp + 3 slots: 0x00007f325091c5de is at code_begin+254 in an Interpreter codelet
method entry point (kind = native)  [0x00007f325091c4e0, 0x00007f325091cf20]  2624 bytes
stack at sp + 4 slots: 0x00007f325091c596 is at code_begin+182 in an Interpreter codelet
method entry point (kind = native)  [0x00007f325091c4e0, 0x00007f325091cf20]  2624 bytes
stack at sp + 5 slots: 0x00007f326e3bc918 is pointing into the stack for thread: 0x00007f3268015000
stack at sp + 6 slots: {method} {0x00007f325050d4e8} 'multiMatrizNativo' '([[I[[I)[[I' in 'MultiMatriz'
stack at sp + 7 slots: 0x00007f326e3bc990 is pointing into the stack for thread: 0x00007f3268015000

method entry point (kind = native)  [0x00007f325091c4e0, 0x00007f325091cf20]  2624 bytes

---------------  P R O C E S S  ---------------

Threads class SMR info:
_java_thread_list=0x00007f32682039b0, length=9, elements={
0x00007f3268015000, 0x00007f3268134800, 0x00007f3268138800, 0x00007f326814a000,
0x00007f3268152000, 0x00007f3268154000, 0x00007f3268156000, 0x00007f32681f3000,
0x00007f3268202000
}

Java Threads: ( => current thread )
=>0x00007f3268015000 JavaThread "main" [_thread_in_Java, id=18464, stack(0x00007f326e2bd000,0x00007f326e3be000)]
  0x00007f3268134800 JavaThread "Reference Handler" daemon [_thread_blocked, id=18471, stack(0x00007f3248e4f000,0x00007f3248f50000)]
  0x00007f3268138800 JavaThread "Finalizer" daemon [_thread_blocked, id=18472, stack(0x00007f3248d4e000,0x00007f3248e4f000)]
  0x00007f326814a000 JavaThread "Signal Dispatcher" daemon [_thread_blocked, id=18473, stack(0x00007f32487f4000,0x00007f32488f5000)]
  0x00007f3268152000 JavaThread "C2 CompilerThread0" daemon [_thread_blocked, id=18474, stack(0x00007f32486f3000,0x00007f32487f4000)]
  0x00007f3268154000 JavaThread "C1 CompilerThread0" daemon [_thread_blocked, id=18475, stack(0x00007f32485f2000,0x00007f32486f3000)]
  0x00007f3268156000 JavaThread "Sweeper thread" daemon [_thread_blocked, id=18476, stack(0x00007f32484f1000,0x00007f32485f2000)]
  0x00007f32681f3000 JavaThread "Service Thread" daemon [_thread_blocked, id=18477, stack(0x00007f32483f0000,0x00007f32484f1000)]
  0x00007f3268202000 JavaThread "Common-Cleaner" daemon [_thread_blocked, id=18479, stack(0x00007f32481ed000,0x00007f32482ee000)]

Other Threads:
  0x00007f326812c800 VMThread "VM Thread" [stack: 0x00007f325000d000,0x00007f325010d000] [id=18470]
  0x00007f32681f5800 WatcherThread [stack: 0x00007f32482f0000,0x00007f32483f0000] [id=18478]
  0x00007f326802e000 GCTaskThread "GC Thread#0" [stack: 0x00007f326df61000,0x00007f326e061000] [id=18465]
  0x00007f3268056000 ConcurrentGCThread "G1 Main Marker" [stack: 0x00007f326ccd1000,0x00007f326cdd1000] [id=18466]
  0x00007f3268057800 ConcurrentGCThread "G1 Conc#0" [stack: 0x00007f326cbcf000,0x00007f326cccf000] [id=18467]
  0x00007f32680ca000 ConcurrentGCThread "G1 Refine#0" [stack: 0x00007f326c2c5000,0x00007f326c3c5000] [id=18468]
  0x00007f32680cb800 ConcurrentGCThread "G1 Young RemSet Sampling" [stack: 0x00007f326c1c3000,0x00007f326c2c3000] [id=18469]

Threads with active compile tasks:

VM state:not at safepoint (normal execution)

VM Mutex/Monitor currently owned by a thread: None

Heap address: 0x000000009ea00000, size: 1558 MB, Compressed Oops mode: 32-bit
Narrow klass base: 0x0000000000000000, Narrow klass shift: 3
Compressed class space size: 1073741824 Address: 0x0000000100000000

Heap:
 garbage-first heap   total 100352K, used 1024K [0x000000009ea00000, 0x0000000100000000)
  region size 1024K, 2 young (2048K), 0 survivors (0K)
 Metaspace       used 4788K, capacity 4885K, committed 5120K, reserved 1056768K
  class space    used 409K, capacity 458K, committed 512K, reserved 1048576K
Heap Regions: E=young(eden), S=young(survivor), O=old, HS=humongous(starts), HC=humongous(continues), CS=collection set, F=free, A=archive, TAMS=top-at-mark-start (previous, next)
|   0|0x000000009ea00000, 0x000000009ea00000, 0x000000009eb00000|  0%| F|  |TAMS 0x000000009ea00000, 0x000000009ea00000| Untracked 
|   1|0x000000009eb00000, 0x000000009eb00000, 0x000000009ec00000|  0%| F|  |TAMS 0x000000009eb00000, 0x000000009eb00000| Untracked 
|   2|0x000000009ec00000, 0x000000009ec00000, 0x000000009ed00000|  0%| F|  |TAMS 0x000000009ec00000, 0x000000009ec00000| Untracked 
|   3|0x000000009ed00000, 0x000000009ed00000, 0x000000009ee00000|  0%| F|  |TAMS 0x000000009ed00000, 0x000000009ed00000| Untracked 
|   4|0x000000009ee00000, 0x000000009ee00000, 0x000000009ef00000|  0%| F|  |TAMS 0x000000009ee00000, 0x000000009ee00000| Untracked 
|   5|0x000000009ef00000, 0x000000009ef00000, 0x000000009f000000|  0%| F|  |TAMS 0x000000009ef00000, 0x000000009ef00000| Untracked 
|   6|0x000000009f000000, 0x000000009f000000, 0x000000009f100000|  0%| F|  |TAMS 0x000000009f000000, 0x000000009f000000| Untracked 
|   7|0x000000009f100000, 0x000000009f100000, 0x000000009f200000|  0%| F|  |TAMS 0x000000009f100000, 0x000000009f100000| Untracked 
|   8|0x000000009f200000, 0x000000009f200000, 0x000000009f300000|  0%| F|  |TAMS 0x000000009f200000, 0x000000009f200000| Untracked 
|   9|0x000000009f300000, 0x000000009f300000, 0x000000009f400000|  0%| F|  |TAMS 0x000000009f300000, 0x000000009f300000| Untracked 
|  10|0x000000009f400000, 0x000000009f400000, 0x000000009f500000|  0%| F|  |TAMS 0x000000009f400000, 0x000000009f400000| Untracked 
|  11|0x000000009f500000, 0x000000009f500000, 0x000000009f600000|  0%| F|  |TAMS 0x000000009f500000, 0x000000009f500000| Untracked 
|  12|0x000000009f600000, 0x000000009f600000, 0x000000009f700000|  0%| F|  |TAMS 0x000000009f600000, 0x000000009f600000| Untracked 
|  13|0x000000009f700000, 0x000000009f700000, 0x000000009f800000|  0%| F|  |TAMS 0x000000009f700000, 0x000000009f700000| Untracked 
|  14|0x000000009f800000, 0x000000009f800000, 0x000000009f900000|  0%| F|  |TAMS 0x000000009f800000, 0x000000009f800000| Untracked 
|  15|0x000000009f900000, 0x000000009f900000, 0x000000009fa00000|  0%| F|  |TAMS 0x000000009f900000, 0x000000009f900000| Untracked 
|  16|0x000000009fa00000, 0x000000009fa00000, 0x000000009fb00000|  0%| F|  |TAMS 0x000000009fa00000, 0x000000009fa00000| Untracked 
|  17|0x000000009fb00000, 0x000000009fb00000, 0x000000009fc00000|  0%| F|  |TAMS 0x000000009fb00000, 0x000000009fb00000| Untracked 
|  18|0x000000009fc00000, 0x000000009fc00000, 0x000000009fd00000|  0%| F|  |TAMS 0x000000009fc00000, 0x000000009fc00000| Untracked 
|  19|0x000000009fd00000, 0x000000009fd00000, 0x000000009fe00000|  0%| F|  |TAMS 0x000000009fd00000, 0x000000009fd00000| Untracked 
|  20|0x000000009fe00000, 0x000000009fe00000, 0x000000009ff00000|  0%| F|  |TAMS 0x000000009fe00000, 0x000000009fe00000| Untracked 
|  21|0x000000009ff00000, 0x000000009ff00000, 0x00000000a0000000|  0%| F|  |TAMS 0x000000009ff00000, 0x000000009ff00000| Untracked 
|  22|0x00000000a0000000, 0x00000000a0000000, 0x00000000a0100000|  0%| F|  |TAMS 0x00000000a0000000, 0x00000000a0000000| Untracked 
|  23|0x00000000a0100000, 0x00000000a0100000, 0x00000000a0200000|  0%| F|  |TAMS 0x00000000a0100000, 0x00000000a0100000| Untracked 
|  24|0x00000000a0200000, 0x00000000a0200000, 0x00000000a0300000|  0%| F|  |TAMS 0x00000000a0200000, 0x00000000a0200000| Untracked 
|  25|0x00000000a0300000, 0x00000000a0300000, 0x00000000a0400000|  0%| F|  |TAMS 0x00000000a0300000, 0x00000000a0300000| Untracked 
|  26|0x00000000a0400000, 0x00000000a0400000, 0x00000000a0500000|  0%| F|  |TAMS 0x00000000a0400000, 0x00000000a0400000| Untracked 
|  27|0x00000000a0500000, 0x00000000a0500000, 0x00000000a0600000|  0%| F|  |TAMS 0x00000000a0500000, 0x00000000a0500000| Untracked 
|  28|0x00000000a0600000, 0x00000000a0600000, 0x00000000a0700000|  0%| F|  |TAMS 0x00000000a0600000, 0x00000000a0600000| Untracked 
|  29|0x00000000a0700000, 0x00000000a0700000, 0x00000000a0800000|  0%| F|  |TAMS 0x00000000a0700000, 0x00000000a0700000| Untracked 
|  30|0x00000000a0800000, 0x00000000a0800000, 0x00000000a0900000|  0%| F|  |TAMS 0x00000000a0800000, 0x00000000a0800000| Untracked 
|  31|0x00000000a0900000, 0x00000000a0900000, 0x00000000a0a00000|  0%| F|  |TAMS 0x00000000a0900000, 0x00000000a0900000| Untracked 
|  32|0x00000000a0a00000, 0x00000000a0a00000, 0x00000000a0b00000|  0%| F|  |TAMS 0x00000000a0a00000, 0x00000000a0a00000| Untracked 
|  33|0x00000000a0b00000, 0x00000000a0b00000, 0x00000000a0c00000|  0%| F|  |TAMS 0x00000000a0b00000, 0x00000000a0b00000| Untracked 
|  34|0x00000000a0c00000, 0x00000000a0c00000, 0x00000000a0d00000|  0%| F|  |TAMS 0x00000000a0c00000, 0x00000000a0c00000| Untracked 
|  35|0x00000000a0d00000, 0x00000000a0d00000, 0x00000000a0e00000|  0%| F|  |TAMS 0x00000000a0d00000, 0x00000000a0d00000| Untracked 
|  36|0x00000000a0e00000, 0x00000000a0e00000, 0x00000000a0f00000|  0%| F|  |TAMS 0x00000000a0e00000, 0x00000000a0e00000| Untracked 
|  37|0x00000000a0f00000, 0x00000000a0f00000, 0x00000000a1000000|  0%| F|  |TAMS 0x00000000a0f00000, 0x00000000a0f00000| Untracked 
|  38|0x00000000a1000000, 0x00000000a1000000, 0x00000000a1100000|  0%| F|  |TAMS 0x00000000a1000000, 0x00000000a1000000| Untracked 
|  39|0x00000000a1100000, 0x00000000a1100000, 0x00000000a1200000|  0%| F|  |TAMS 0x00000000a1100000, 0x00000000a1100000| Untracked 
|  40|0x00000000a1200000, 0x00000000a1200000, 0x00000000a1300000|  0%| F|  |TAMS 0x00000000a1200000, 0x00000000a1200000| Untracked 
|  41|0x00000000a1300000, 0x00000000a1300000, 0x00000000a1400000|  0%| F|  |TAMS 0x00000000a1300000, 0x00000000a1300000| Untracked 
|  42|0x00000000a1400000, 0x00000000a1400000, 0x00000000a1500000|  0%| F|  |TAMS 0x00000000a1400000, 0x00000000a1400000| Untracked 
|  43|0x00000000a1500000, 0x00000000a1500000, 0x00000000a1600000|  0%| F|  |TAMS 0x00000000a1500000, 0x00000000a1500000| Untracked 
|  44|0x00000000a1600000, 0x00000000a1600000, 0x00000000a1700000|  0%| F|  |TAMS 0x00000000a1600000, 0x00000000a1600000| Untracked 
|  45|0x00000000a1700000, 0x00000000a1700000, 0x00000000a1800000|  0%| F|  |TAMS 0x00000000a1700000, 0x00000000a1700000| Untracked 
|  46|0x00000000a1800000, 0x00000000a1800000, 0x00000000a1900000|  0%| F|  |TAMS 0x00000000a1800000, 0x00000000a1800000| Untracked 
|  47|0x00000000a1900000, 0x00000000a1900000, 0x00000000a1a00000|  0%| F|  |TAMS 0x00000000a1900000, 0x00000000a1900000| Untracked 
|  48|0x00000000a1a00000, 0x00000000a1a00000, 0x00000000a1b00000|  0%| F|  |TAMS 0x00000000a1a00000, 0x00000000a1a00000| Untracked 
|  49|0x00000000a1b00000, 0x00000000a1b00000, 0x00000000a1c00000|  0%| F|  |TAMS 0x00000000a1b00000, 0x00000000a1b00000| Untracked 
|  50|0x00000000a1c00000, 0x00000000a1c00000, 0x00000000a1d00000|  0%| F|  |TAMS 0x00000000a1c00000, 0x00000000a1c00000| Untracked 
|  51|0x00000000a1d00000, 0x00000000a1d00000, 0x00000000a1e00000|  0%| F|  |TAMS 0x00000000a1d00000, 0x00000000a1d00000| Untracked 
|  52|0x00000000a1e00000, 0x00000000a1e00000, 0x00000000a1f00000|  0%| F|  |TAMS 0x00000000a1e00000, 0x00000000a1e00000| Untracked 
|  53|0x00000000a1f00000, 0x00000000a1f00000, 0x00000000a2000000|  0%| F|  |TAMS 0x00000000a1f00000, 0x00000000a1f00000| Untracked 
|  54|0x00000000a2000000, 0x00000000a2000000, 0x00000000a2100000|  0%| F|  |TAMS 0x00000000a2000000, 0x00000000a2000000| Untracked 
|  55|0x00000000a2100000, 0x00000000a2100000, 0x00000000a2200000|  0%| F|  |TAMS 0x00000000a2100000, 0x00000000a2100000| Untracked 
|  56|0x00000000a2200000, 0x00000000a2200000, 0x00000000a2300000|  0%| F|  |TAMS 0x00000000a2200000, 0x00000000a2200000| Untracked 
|  57|0x00000000a2300000, 0x00000000a2300000, 0x00000000a2400000|  0%| F|  |TAMS 0x00000000a2300000, 0x00000000a2300000| Untracked 
|  58|0x00000000a2400000, 0x00000000a2400000, 0x00000000a2500000|  0%| F|  |TAMS 0x00000000a2400000, 0x00000000a2400000| Untracked 
|  59|0x00000000a2500000, 0x00000000a2500000, 0x00000000a2600000|  0%| F|  |TAMS 0x00000000a2500000, 0x00000000a2500000| Untracked 
|  60|0x00000000a2600000, 0x00000000a2600000, 0x00000000a2700000|  0%| F|  |TAMS 0x00000000a2600000, 0x00000000a2600000| Untracked 
|  61|0x00000000a2700000, 0x00000000a2700000, 0x00000000a2800000|  0%| F|  |TAMS 0x00000000a2700000, 0x00000000a2700000| Untracked 
|  62|0x00000000a2800000, 0x00000000a2800000, 0x00000000a2900000|  0%| F|  |TAMS 0x00000000a2800000, 0x00000000a2800000| Untracked 
|  63|0x00000000a2900000, 0x00000000a2900000, 0x00000000a2a00000|  0%| F|  |TAMS 0x00000000a2900000, 0x00000000a2900000| Untracked 
|  64|0x00000000a2a00000, 0x00000000a2a00000, 0x00000000a2b00000|  0%| F|  |TAMS 0x00000000a2a00000, 0x00000000a2a00000| Untracked 
|  65|0x00000000a2b00000, 0x00000000a2b00000, 0x00000000a2c00000|  0%| F|  |TAMS 0x00000000a2b00000, 0x00000000a2b00000| Untracked 
|  66|0x00000000a2c00000, 0x00000000a2c00000, 0x00000000a2d00000|  0%| F|  |TAMS 0x00000000a2c00000, 0x00000000a2c00000| Untracked 
|  67|0x00000000a2d00000, 0x00000000a2d00000, 0x00000000a2e00000|  0%| F|  |TAMS 0x00000000a2d00000, 0x00000000a2d00000| Untracked 
|  68|0x00000000a2e00000, 0x00000000a2e00000, 0x00000000a2f00000|  0%| F|  |TAMS 0x00000000a2e00000, 0x00000000a2e00000| Untracked 
|  69|0x00000000a2f00000, 0x00000000a2f00000, 0x00000000a3000000|  0%| F|  |TAMS 0x00000000a2f00000, 0x00000000a2f00000| Untracked 
|  70|0x00000000a3000000, 0x00000000a3000000, 0x00000000a3100000|  0%| F|  |TAMS 0x00000000a3000000, 0x00000000a3000000| Untracked 
|  71|0x00000000a3100000, 0x00000000a3100000, 0x00000000a3200000|  0%| F|  |TAMS 0x00000000a3100000, 0x00000000a3100000| Untracked 
|  72|0x00000000a3200000, 0x00000000a3200000, 0x00000000a3300000|  0%| F|  |TAMS 0x00000000a3200000, 0x00000000a3200000| Untracked 
|  73|0x00000000a3300000, 0x00000000a3300000, 0x00000000a3400000|  0%| F|  |TAMS 0x00000000a3300000, 0x00000000a3300000| Untracked 
|  74|0x00000000a3400000, 0x00000000a3400000, 0x00000000a3500000|  0%| F|  |TAMS 0x00000000a3400000, 0x00000000a3400000| Untracked 
|  75|0x00000000a3500000, 0x00000000a3500000, 0x00000000a3600000|  0%| F|  |TAMS 0x00000000a3500000, 0x00000000a3500000| Untracked 
|  76|0x00000000a3600000, 0x00000000a3600000, 0x00000000a3700000|  0%| F|  |TAMS 0x00000000a3600000, 0x00000000a3600000| Untracked 
|  77|0x00000000a3700000, 0x00000000a3700000, 0x00000000a3800000|  0%| F|  |TAMS 0x00000000a3700000, 0x00000000a3700000| Untracked 
|  78|0x00000000a3800000, 0x00000000a3800000, 0x00000000a3900000|  0%| F|  |TAMS 0x00000000a3800000, 0x00000000a3800000| Untracked 
|  79|0x00000000a3900000, 0x00000000a3900000, 0x00000000a3a00000|  0%| F|  |TAMS 0x00000000a3900000, 0x00000000a3900000| Untracked 
|  80|0x00000000a3a00000, 0x00000000a3a00000, 0x00000000a3b00000|  0%| F|  |TAMS 0x00000000a3a00000, 0x00000000a3a00000| Untracked 
|  81|0x00000000a3b00000, 0x00000000a3b00000, 0x00000000a3c00000|  0%| F|  |TAMS 0x00000000a3b00000, 0x00000000a3b00000| Untracked 
|  82|0x00000000a3c00000, 0x00000000a3c00000, 0x00000000a3d00000|  0%| F|  |TAMS 0x00000000a3c00000, 0x00000000a3c00000| Untracked 
|  83|0x00000000a3d00000, 0x00000000a3d00000, 0x00000000a3e00000|  0%| F|  |TAMS 0x00000000a3d00000, 0x00000000a3d00000| Untracked 
|  84|0x00000000a3e00000, 0x00000000a3e00000, 0x00000000a3f00000|  0%| F|  |TAMS 0x00000000a3e00000, 0x00000000a3e00000| Untracked 
|  85|0x00000000a3f00000, 0x00000000a3f00000, 0x00000000a4000000|  0%| F|  |TAMS 0x00000000a3f00000, 0x00000000a3f00000| Untracked 
|  86|0x00000000a4000000, 0x00000000a4000000, 0x00000000a4100000|  0%| F|  |TAMS 0x00000000a4000000, 0x00000000a4000000| Untracked 
|  87|0x00000000a4100000, 0x00000000a4100000, 0x00000000a4200000|  0%| F|  |TAMS 0x00000000a4100000, 0x00000000a4100000| Untracked 
|  88|0x00000000a4200000, 0x00000000a4200000, 0x00000000a4300000|  0%| F|  |TAMS 0x00000000a4200000, 0x00000000a4200000| Untracked 
|  89|0x00000000a4300000, 0x00000000a4300000, 0x00000000a4400000|  0%| F|  |TAMS 0x00000000a4300000, 0x00000000a4300000| Untracked 
|  90|0x00000000a4400000, 0x00000000a4400000, 0x00000000a4500000|  0%| F|  |TAMS 0x00000000a4400000, 0x00000000a4400000| Untracked 
|  91|0x00000000a4500000, 0x00000000a4500000, 0x00000000a4600000|  0%| F|  |TAMS 0x00000000a4500000, 0x00000000a4500000| Untracked 
|  92|0x00000000a4600000, 0x00000000a4600000, 0x00000000a4700000|  0%| F|  |TAMS 0x00000000a4600000, 0x00000000a4600000| Untracked 
|  93|0x00000000a4700000, 0x00000000a4700000, 0x00000000a4800000|  0%| F|  |TAMS 0x00000000a4700000, 0x00000000a4700000| Untracked 
|  94|0x00000000a4800000, 0x00000000a4800000, 0x00000000a4900000|  0%| F|  |TAMS 0x00000000a4800000, 0x00000000a4800000| Untracked 
|  95|0x00000000a4900000, 0x00000000a4900000, 0x00000000a4a00000|  0%| F|  |TAMS 0x00000000a4900000, 0x00000000a4900000| Untracked 
|  96|0x00000000a4a00000, 0x00000000a4af6460, 0x00000000a4b00000| 96%| E|  |TAMS 0x00000000a4a00000, 0x00000000a4a00000| Complete 
|  97|0x00000000a4b00000, 0x00000000a4c00000, 0x00000000a4c00000|100%| E|CS|TAMS 0x00000000a4b00000, 0x00000000a4b00000| Complete 

Card table byte_map: [0x00007f326d141000,0x00007f326d44c000] _byte_map_base: 0x00007f326cc4c000

Marking Bits (Prev, Next): (CMBitMap*) 0x00007f326804edc8, (CMBitMap*) 0x00007f326804ee00
 Prev Bits: [0x00007f324a7a8000, 0x00007f324c000000)
 Next Bits: [0x00007f3248f50000, 0x00007f324a7a8000)

Polling page: 0x00007f326facc000

Metaspace:

Usage:
  Non-class:      4.32 MB capacity,     4.28 MB ( 99%) used,    43.88 KB ( <1%) free+waste,     4.06 KB ( <1%) overhead. 
      Class:    458.00 KB capacity,   409.34 KB ( 89%) used,    46.22 KB ( 10%) free+waste,     2.44 KB ( <1%) overhead. 
       Both:      4.77 MB capacity,     4.68 MB ( 98%) used,    90.10 KB (  2%) free+waste,     6.50 KB ( <1%) overhead. 

Virtual space:
  Non-class space:        8.00 MB reserved,       4.50 MB ( 56%) committed 
      Class space:        1.00 GB reserved,     512.00 KB ( <1%) committed 
             Both:        1.01 GB reserved,       5.00 MB ( <1%) committed 

Chunk freelists:
   Non-Class:  1.00 KB
       Class:  22.00 KB
        Both:  23.00 KB

MaxMetaspaceSize: unlimited
CompressedClassSpaceSize: 1.00 GB

CodeHeap 'non-profiled nmethods': size=120032Kb used=65Kb max_used=65Kb free=119966Kb
 bounds [0x00007f32583d5000, 0x00007f3258645000, 0x00007f325f90d000]
CodeHeap 'profiled nmethods': size=120028Kb used=365Kb max_used=365Kb free=119662Kb
 bounds [0x00007f3250e9e000, 0x00007f325110e000, 0x00007f32583d5000]
CodeHeap 'non-nmethods': size=5700Kb used=1016Kb max_used=1028Kb free=4683Kb
 bounds [0x00007f325090d000, 0x00007f3250b7d000, 0x00007f3250e9e000]
 total_blobs=602 nmethods=246 adapters=208
 compilation: enabled
              stopped_count=0, restarted_count=0
 full_count=0

Compilation events (20 events):
Event: 0.100 Thread 0x00007f3268154000 nmethod 227 0x00007f3250eee110 code [0x00007f3250eee2e0, 0x00007f3250eee548]
Event: 0.100 Thread 0x00007f3268154000  220       3       java.lang.invoke.LambdaForm$BasicType::basicType (172 bytes)
Event: 0.101 Thread 0x00007f3268154000 nmethod 220 0x00007f3250eee690 code [0x00007f3250eee920, 0x00007f3250eef568]
Event: 0.101 Thread 0x00007f3268152000  231       4       java.lang.invoke.MethodType::parameterType (7 bytes)
Event: 0.101 Thread 0x00007f3268154000  230       3       jdk.internal.org.objectweb.asm.Frame::get (46 bytes)
Event: 0.101 Thread 0x00007f3268154000 nmethod 230 0x00007f3250eef910 code [0x00007f3250eefac0, 0x00007f3250eefd10]
Event: 0.101 Thread 0x00007f3268154000  228       3       java.lang.invoke.LambdaForm$Name::<init> (44 bytes)
Event: 0.102 Thread 0x00007f3268154000 nmethod 228 0x00007f3250eefe10 code [0x00007f3250ef0040, 0x00007f3250ef0648]
Event: 0.102 Thread 0x00007f3268154000  229       3       jdk.internal.org.objectweb.asm.Frame::type (416 bytes)
Event: 0.102 Thread 0x00007f3268152000 nmethod 231 0x00007f32583e3c90 code [0x00007f32583e3e20, 0x00007f32583e3eb8]
Event: 0.103 Thread 0x00007f3268154000 nmethod 229 0x00007f3250ef0910 code [0x00007f3250ef0cc0, 0x00007f3250ef2738]
Event: 0.103 Thread 0x00007f3268154000  219       3       java.lang.invoke.MemberName::isStatic (8 bytes)
Event: 0.103 Thread 0x00007f3268154000 nmethod 219 0x00007f3250ef2f90 code [0x00007f3250ef3140, 0x00007f3250ef3350]
Event: 0.103 Thread 0x00007f3268154000  239       3       sun.invoke.util.VerifyAccess::isTypeVisible (118 bytes)
Event: 0.103 Thread 0x00007f3268152000  241       4       java.util.ImmutableCollections$ListN::get (7 bytes)
Event: 0.104 Thread 0x00007f3268152000 nmethod 241 0x00007f32583e4990 code [0x00007f32583e4b20, 0x00007f32583e4bb8]
Event: 0.104 Thread 0x00007f3268154000 nmethod 239 0x00007f3250ef3410 code [0x00007f3250ef37c0, 0x00007f3250ef52a8]
Event: 0.104 Thread 0x00007f3268154000  233       3       jdk.internal.org.objectweb.asm.Frame::pop (43 bytes)
Event: 0.104 Thread 0x00007f3268154000 nmethod 233 0x00007f3250ef5a90 code [0x00007f3250ef5c40, 0x00007f3250ef5e30]
Event: 0.104 Thread 0x00007f3268154000  232       3       java.lang.invoke.MemberName::getMethodOrFieldType (72 bytes)

GC Heap History (0 events):
No events

Deoptimization events (4 events):
Event: 0.055 Thread 0x00007f3268015000 Uncommon trap: trap_request=0xffffff4d fr.pc=0x00007f32583d9278 relative=0x00000000000001d8
Event: 0.055 Thread 0x00007f3268015000 Uncommon trap: reason=unstable_if action=reinterpret pc=0x00007f32583d9278 method=java.lang.String.hashCode()I @ 14 c2
Event: 0.055 Thread 0x00007f3268015000 DEOPT PACKING pc=0x00007f32583d9278 sp=0x00007f326e3bb2d0
Event: 0.055 Thread 0x00007f3268015000 DEOPT UNPACKING pc=0x00007f32509356a5 sp=0x00007f326e3bb288 mode 2

Classes redefined (0 events):
No events

Internal exceptions (2 events):
Event: 0.092 Thread 0x00007f3268015000 Exception <a 'java/lang/NoSuchMethodError'{0x00000000a4a91bd0}: 'java.lang.Object java.lang.invoke.DirectMethodHandle$Holder.invokeStatic(java.lang.Object, java.lang.Object, java.lang.Object, java.lang.Object, java.lang.Object, java.lang.Object, java.lang.Object, java.lang.Object, java.lang.Object, java.lang.Object, java.lang.Object, java.lang.Object, java.lang.Object, int)'> (0x00000000a4a91bd0) thrown at [src/hotspot/share/interpreter/linkResolver.cpp, line 772]
Event: 0.094 Thread 0x00007f3268015000 Exception <a 'java/lang/NoSuchMethodError'{0x00000000a4a9fb08}: 'java.lang.Object java.lang.invoke.DirectMethodHandle$Holder.invokeStatic(java.lang.Object, java.lang.Object, java.lang.Object, java.lang.Object, java.lang.Object, java.lang.Object, java.lang.Object, java.lang.Object, java.lang.Object, java.lang.Object, java.lang.Object, java.lang.Object, java.lang.Object, int, int)'> (0x00000000a4a9fb08) thrown at [src/hotspot/share/interpreter/linkResolver.cpp, line 772]

Events (20 events):
Event: 0.092 loading class java/lang/NoSuchMethodError
Event: 0.092 loading class java/lang/IncompatibleClassChangeError
Event: 0.092 loading class java/lang/IncompatibleClassChangeError done
Event: 0.092 loading class java/lang/NoSuchMethodError done
Event: 0.092 loading class sun/reflect/misc/ReflectUtil
Event: 0.092 loading class sun/reflect/misc/ReflectUtil done
Event: 0.093 loading class sun/invoke/util/ValueConversions$WrapperCache
Event: 0.093 loading class sun/invoke/util/ValueConversions$WrapperCache done
Event: 0.093 loading class java/lang/invoke/BoundMethodHandle$Species_LLLLLLLLLLII
Event: 0.093 loading class java/lang/invoke/BoundMethodHandle$Species_LLLLLLLLLLII done
Event: 0.102 loading class java/lang/invoke/BoundMethodHandle$Species_LLLLLLI
Event: 0.102 loading class java/lang/invoke/BoundMethodHandle$Species_LLLLLLI done
Event: 0.103 loading class java/lang/invoke/BoundMethodHandle$Species_LLLLLLII
Event: 0.103 loading class java/lang/invoke/BoundMethodHandle$Species_LLLLLLII done
Event: 0.105 loading class java/util/concurrent/ConcurrentHashMap$ValuesView
Event: 0.105 loading class java/util/concurrent/ConcurrentHashMap$ValuesView done
Event: 0.105 loading class java/util/concurrent/ConcurrentHashMap$ValueIterator
Event: 0.105 loading class java/util/Enumeration
Event: 0.105 loading class java/util/Enumeration done
Event: 0.105 loading class java/util/concurrent/ConcurrentHashMap$ValueIterator done


Dynamic libraries:
9ea00000-a4c00000 rw-p 00000000 00:00 0 
a4c00000-100000000 ---p 00000000 00:00 0 
100000000-100080000 rw-p 00000000 00:00 0 
100080000-140000000 ---p 00000000 00:00 0 
55b164927000-55b164928000 r--p 00000000 08:10 42986                      /usr/lib/jvm/java-11-openjdk-amd64/bin/java
55b164928000-55b164929000 r-xp 00001000 08:10 42986                      /usr/lib/jvm/java-11-openjdk-amd64/bin/java
55b164929000-55b16492a000 r--p 00002000 08:10 42986                      /usr/lib/jvm/java-11-openjdk-amd64/bin/java
55b16492a000-55b16492b000 r--p 00002000 08:10 42986                      /usr/lib/jvm/java-11-openjdk-amd64/bin/java
55b16492b000-55b16492c000 rw-p 00003000 08:10 42986                      /usr/lib/jvm/java-11-openjdk-amd64/bin/java
55b165355000-55b165376000 rw-p 00000000 00:00 0                          [heap]
7f3208000000-7f3208021000 rw-p 00000000 00:00 0 
7f3208021000-7f320c000000 ---p 00000000 00:00 0 
7f3210000000-7f3210021000 rw-p 00000000 00:00 0 
7f3210021000-7f3214000000 ---p 00000000 00:00 0 
7f3214000000-7f3214021000 rw-p 00000000 00:00 0 
7f3214021000-7f3218000000 ---p 00000000 00:00 0 
7f3218000000-7f321827d000 rw-p 00000000 00:00 0 
7f321827d000-7f321c000000 ---p 00000000 00:00 0 
7f321c000000-7f321c021000 rw-p 00000000 00:00 0 
7f321c021000-7f3220000000 ---p 00000000 00:00 0 
7f3220000000-7f3220021000 rw-p 00000000 00:00 0 
7f3220021000-7f3224000000 ---p 00000000 00:00 0 
7f3224000000-7f3224068000 rw-p 00000000 00:00 0 
7f3224068000-7f3228000000 ---p 00000000 00:00 0 
7f3228000000-7f3228021000 rw-p 00000000 00:00 0 
7f3228021000-7f322c000000 ---p 00000000 00:00 0 
7f322c000000-7f322c021000 rw-p 00000000 00:00 0 
7f322c021000-7f3230000000 ---p 00000000 00:00 0 
7f3230000000-7f3230021000 rw-p 00000000 00:00 0 
7f3230021000-7f3234000000 ---p 00000000 00:00 0 
7f3234000000-7f3234021000 rw-p 00000000 00:00 0 
7f3234021000-7f3238000000 ---p 00000000 00:00 0 
7f3238000000-7f3238021000 rw-p 00000000 00:00 0 
7f3238021000-7f323c000000 ---p 00000000 00:00 0 
7f323c000000-7f323c021000 rw-p 00000000 00:00 0 
7f323c021000-7f3240000000 ---p 00000000 00:00 0 
7f3242000000-7f3244000000 rw-p 00000000 00:00 0 
7f3244000000-7f3244021000 rw-p 00000000 00:00 0 
7f3244021000-7f3248000000 ---p 00000000 00:00 0 
7f32481ed000-7f32481f1000 ---p 00000000 00:00 0 
7f32481f1000-7f32482ee000 rw-p 00000000 00:00 0 
7f32482ee000-7f32482ef000 ---p 00000000 00:00 0 
7f32482ef000-7f32483f0000 rw-p 00000000 00:00 0 
7f32483f0000-7f32483f4000 ---p 00000000 00:00 0 
7f32483f4000-7f32484f1000 rw-p 00000000 00:00 0 
7f32484f1000-7f32484f5000 ---p 00000000 00:00 0 
7f32484f5000-7f32485f2000 rw-p 00000000 00:00 0 
7f32485f2000-7f32485f6000 ---p 00000000 00:00 0 
7f32485f6000-7f32486f3000 rw-p 00000000 00:00 0 
7f32486f3000-7f32486f7000 ---p 00000000 00:00 0 
7f32486f7000-7f32487f4000 rw-p 00000000 00:00 0 
7f32487f4000-7f32487f8000 ---p 00000000 00:00 0 
7f32487f8000-7f32488f5000 rw-p 00000000 00:00 0 
7f32488f5000-7f3248a68000 r--p 00000000 08:10 2975                       /usr/lib/locale/C.UTF-8/LC_COLLATE
7f3248a68000-7f3248d4e000 r--p 00000000 08:10 2987                       /usr/lib/locale/locale-archive
7f3248d4e000-7f3248d52000 ---p 00000000 00:00 0 
7f3248d52000-7f3248e4f000 rw-p 00000000 00:00 0 
7f3248e4f000-7f3248e53000 ---p 00000000 00:00 0 
7f3248e53000-7f32490d8000 rw-p 00000000 00:00 0 
7f32490d8000-7f324a7a8000 ---p 00000000 00:00 0 
7f324a7a8000-7f324a930000 rw-p 00000000 00:00 0 
7f324a930000-7f324c000000 ---p 00000000 00:00 0 
7f324c000000-7f324c021000 rw-p 00000000 00:00 0 
7f324c021000-7f3250000000 ---p 00000000 00:00 0 
7f325000b000-7f325000c000 ---p 00000000 00:00 0 
7f325000c000-7f325058d000 rw-p 00000000 00:00 0 
7f325058d000-7f325090d000 ---p 00000000 00:00 0 
7f325090d000-7f3250b7d000 rwxp 00000000 00:00 0 
7f3250b7d000-7f3250e9e000 ---p 00000000 00:00 0 
7f3250e9e000-7f325110e000 rwxp 00000000 00:00 0 
7f325110e000-7f32583d5000 ---p 00000000 00:00 0 
7f32583d5000-7f3258645000 rwxp 00000000 00:00 0 
7f3258645000-7f325f90d000 ---p 00000000 00:00 0 
7f325f90d000-7f3268000000 r--s 00000000 08:10 43375                      /usr/lib/jvm/java-11-openjdk-amd64/lib/modules
7f3268000000-7f3268265000 rw-p 00000000 00:00 0 
7f3268265000-7f326c000000 ---p 00000000 00:00 0 
7f326c038000-7f326c039000 r--p 00000000 08:10 53157                      /home/enrico/Documentos/capacitacao/jni/multiMatriz/c/libmulti.so
7f326c039000-7f326c03a000 r-xp 00001000 08:10 53157                      /home/enrico/Documentos/capacitacao/jni/multiMatriz/c/libmulti.so
7f326c03a000-7f326c03b000 r--p 00002000 08:10 53157                      /home/enrico/Documentos/capacitacao/jni/multiMatriz/c/libmulti.so
7f326c03b000-7f326c03c000 r--p 00002000 08:10 53157                      /home/enrico/Documentos/capacitacao/jni/multiMatriz/c/libmulti.so
7f326c03c000-7f326c03d000 rw-p 00003000 08:10 53157                      /home/enrico/Documentos/capacitacao/jni/multiMatriz/c/libmulti.so
7f326c03d000-7f326c06f000 r--p 00000000 08:10 2976                       /usr/lib/locale/C.UTF-8/LC_CTYPE
7f326c06f000-7f326c070000 r--p 00000000 08:10 2983                       /usr/lib/locale/C.UTF-8/LC_NUMERIC
7f326c070000-7f326c071000 r--p 00000000 08:10 2986                       /usr/lib/locale/C.UTF-8/LC_TIME
7f326c071000-7f326c072000 r--p 00000000 08:10 2981                       /usr/lib/locale/C.UTF-8/LC_MONETARY
7f326c072000-7f326c073000 r--p 00000000 08:10 2980                       /usr/lib/locale/C.UTF-8/LC_MESSAGES/SYS_LC_MESSAGES
7f326c073000-7f326c074000 r--p 00000000 08:10 2984                       /usr/lib/locale/C.UTF-8/LC_PAPER
7f326c074000-7f326c07b000 r--s 00000000 08:10 10964                      /usr/lib/x86_64-linux-gnu/gconv/gconv-modules.cache
7f326c07b000-7f326c1c1000 rw-p 00000000 00:00 0 
7f326c1c1000-7f326c1c2000 ---p 00000000 00:00 0 
7f326c1c2000-7f326c2c3000 rw-p 00000000 00:00 0 
7f326c2c3000-7f326c2c4000 ---p 00000000 00:00 0 
7f326c2c4000-7f326cbcd000 rw-p 00000000 00:00 0 
7f326cbcd000-7f326cbce000 ---p 00000000 00:00 0 
7f326cbce000-7f326cccf000 rw-p 00000000 00:00 0 
7f326cccf000-7f326ccd0000 ---p 00000000 00:00 0 
7f326ccd0000-7f326ce67000 rw-p 00000000 00:00 0 
7f326ce67000-7f326d141000 ---p 00000000 00:00 0 
7f326d141000-7f326d172000 rw-p 00000000 00:00 0 
7f326d172000-7f326d44c000 ---p 00000000 00:00 0 
7f326d44c000-7f326d47d000 rw-p 00000000 00:00 0 
7f326d47d000-7f326d757000 ---p 00000000 00:00 0 
7f326d757000-7f326df5f000 rw-p 00000000 00:00 0 
7f326df5f000-7f326df60000 ---p 00000000 00:00 0 
7f326df60000-7f326e066000 rw-p 00000000 00:00 0 
7f326e066000-7f326e14c000 ---p 00000000 00:00 0 
7f326e14c000-7f326e151000 rw-p 00000000 00:00 0 
7f326e151000-7f326e237000 ---p 00000000 00:00 0 
7f326e237000-7f326e23c000 rw-p 00000000 00:00 0 
7f326e23c000-7f326e243000 ---p 00000000 00:00 0 
7f326e243000-7f326e245000 r--p 00000000 08:10 43326                      /usr/lib/jvm/java-11-openjdk-amd64/lib/libjimage.so
7f326e245000-7f326e248000 r-xp 00002000 08:10 43326                      /usr/lib/jvm/java-11-openjdk-amd64/lib/libjimage.so
7f326e248000-7f326e249000 r--p 00005000 08:10 43326                      /usr/lib/jvm/java-11-openjdk-amd64/lib/libjimage.so
7f326e249000-7f326e24a000 ---p 00006000 08:10 43326                      /usr/lib/jvm/java-11-openjdk-amd64/lib/libjimage.so
7f326e24a000-7f326e24b000 r--p 00006000 08:10 43326                      /usr/lib/jvm/java-11-openjdk-amd64/lib/libjimage.so
7f326e24b000-7f326e24c000 rw-p 00007000 08:10 43326                      /usr/lib/jvm/java-11-openjdk-amd64/lib/libjimage.so
7f326e24c000-7f326e24e000 r--p 00000000 08:10 43373                      /usr/lib/jvm/java-11-openjdk-amd64/lib/libzip.so
7f326e24e000-7f326e252000 r-xp 00002000 08:10 43373                      /usr/lib/jvm/java-11-openjdk-amd64/lib/libzip.so
7f326e252000-7f326e254000 r--p 00006000 08:10 43373                      /usr/lib/jvm/java-11-openjdk-amd64/lib/libzip.so
7f326e254000-7f326e255000 r--p 00007000 08:10 43373                      /usr/lib/jvm/java-11-openjdk-amd64/lib/libzip.so
7f326e255000-7f326e256000 rw-p 00008000 08:10 43373                      /usr/lib/jvm/java-11-openjdk-amd64/lib/libzip.so
7f326e256000-7f326e259000 r--p 00000000 08:10 11403                      /usr/lib/x86_64-linux-gnu/libnss_files-2.31.so
7f326e259000-7f326e260000 r-xp 00003000 08:10 11403                      /usr/lib/x86_64-linux-gnu/libnss_files-2.31.so
7f326e260000-7f326e262000 r--p 0000a000 08:10 11403                      /usr/lib/x86_64-linux-gnu/libnss_files-2.31.so
7f326e262000-7f326e263000 r--p 0000b000 08:10 11403                      /usr/lib/x86_64-linux-gnu/libnss_files-2.31.so
7f326e263000-7f326e264000 rw-p 0000c000 08:10 11403                      /usr/lib/x86_64-linux-gnu/libnss_files-2.31.so
7f326e264000-7f326e26a000 rw-p 00000000 00:00 0 
7f326e26a000-7f326e272000 rw-s 00000000 08:10 53154                      /tmp/hsperfdata_enrico/18463
7f326e272000-7f326e280000 r--p 00000000 08:10 43315                      /usr/lib/jvm/java-11-openjdk-amd64/lib/libjava.so
7f326e280000-7f326e296000 r-xp 0000e000 08:10 43315                      /usr/lib/jvm/java-11-openjdk-amd64/lib/libjava.so
7f326e296000-7f326e29d000 r--p 00024000 08:10 43315                      /usr/lib/jvm/java-11-openjdk-amd64/lib/libjava.so
7f326e29d000-7f326e29e000 r--p 0002a000 08:10 43315                      /usr/lib/jvm/java-11-openjdk-amd64/lib/libjava.so
7f326e29e000-7f326e2a0000 rw-p 0002b000 08:10 43315                      /usr/lib/jvm/java-11-openjdk-amd64/lib/libjava.so
7f326e2a0000-7f326e2a5000 r--p 00000000 08:10 43369                      /usr/lib/jvm/java-11-openjdk-amd64/lib/libverify.so
7f326e2a5000-7f326e2ac000 r-xp 00005000 08:10 43369                      /usr/lib/jvm/java-11-openjdk-amd64/lib/libverify.so
7f326e2ac000-7f326e2ae000 r--p 0000c000 08:10 43369                      /usr/lib/jvm/java-11-openjdk-amd64/lib/libverify.so
7f326e2ae000-7f326e2af000 ---p 0000e000 08:10 43369                      /usr/lib/jvm/java-11-openjdk-amd64/lib/libverify.so
7f326e2af000-7f326e2b1000 r--p 0000e000 08:10 43369                      /usr/lib/jvm/java-11-openjdk-amd64/lib/libverify.so
7f326e2b1000-7f326e2b2000 rw-p 00010000 08:10 43369                      /usr/lib/jvm/java-11-openjdk-amd64/lib/libverify.so
7f326e2b2000-7f326e2b5000 r--p 00000000 08:10 11489                      /usr/lib/x86_64-linux-gnu/librt-2.31.so
7f326e2b5000-7f326e2b9000 r-xp 00003000 08:10 11489                      /usr/lib/x86_64-linux-gnu/librt-2.31.so
7f326e2b9000-7f326e2ba000 r--p 00007000 08:10 11489                      /usr/lib/x86_64-linux-gnu/librt-2.31.so
7f326e2ba000-7f326e2bb000 ---p 00008000 08:10 11489                      /usr/lib/x86_64-linux-gnu/librt-2.31.so
7f326e2bb000-7f326e2bc000 r--p 00008000 08:10 11489                      /usr/lib/x86_64-linux-gnu/librt-2.31.so
7f326e2bc000-7f326e2bd000 rw-p 00009000 08:10 11489                      /usr/lib/x86_64-linux-gnu/librt-2.31.so
7f326e2bd000-7f326e2c1000 ---p 00000000 00:00 0 
7f326e2c1000-7f326e3be000 rw-p 00000000 00:00 0 
7f326e3be000-7f326e3c1000 r--p 00000000 08:10 11226                      /usr/lib/x86_64-linux-gnu/libgcc_s.so.1
7f326e3c1000-7f326e3d3000 r-xp 00003000 08:10 11226                      /usr/lib/x86_64-linux-gnu/libgcc_s.so.1
7f326e3d3000-7f326e3d7000 r--p 00015000 08:10 11226                      /usr/lib/x86_64-linux-gnu/libgcc_s.so.1
7f326e3d7000-7f326e3d8000 r--p 00018000 08:10 11226                      /usr/lib/x86_64-linux-gnu/libgcc_s.so.1
7f326e3d8000-7f326e3d9000 rw-p 00019000 08:10 11226                      /usr/lib/x86_64-linux-gnu/libgcc_s.so.1
7f326e3d9000-7f326e3e8000 r--p 00000000 08:10 11353                      /usr/lib/x86_64-linux-gnu/libm-2.31.so
7f326e3e8000-7f326e48f000 r-xp 0000f000 08:10 11353                      /usr/lib/x86_64-linux-gnu/libm-2.31.so
7f326e48f000-7f326e526000 r--p 000b6000 08:10 11353                      /usr/lib/x86_64-linux-gnu/libm-2.31.so
7f326e526000-7f326e527000 r--p 0014c000 08:10 11353                      /usr/lib/x86_64-linux-gnu/libm-2.31.so
7f326e527000-7f326e528000 rw-p 0014d000 08:10 11353                      /usr/lib/x86_64-linux-gnu/libm-2.31.so
7f326e528000-7f326e5be000 r--p 00000000 08:10 11525                      /usr/lib/x86_64-linux-gnu/libstdc++.so.6.0.28
7f326e5be000-7f326e6ae000 r-xp 00096000 08:10 11525                      /usr/lib/x86_64-linux-gnu/libstdc++.so.6.0.28
7f326e6ae000-7f326e6f7000 r--p 00186000 08:10 11525                      /usr/lib/x86_64-linux-gnu/libstdc++.so.6.0.28
7f326e6f7000-7f326e6f8000 ---p 001cf000 08:10 11525                      /usr/lib/x86_64-linux-gnu/libstdc++.so.6.0.28
7f326e6f8000-7f326e703000 r--p 001cf000 08:10 11525                      /usr/lib/x86_64-linux-gnu/libstdc++.so.6.0.28
7f326e703000-7f326e706000 rw-p 001da000 08:10 11525                      /usr/lib/x86_64-linux-gnu/libstdc++.so.6.0.28
7f326e706000-7f326e709000 rw-p 00000000 00:00 0 
7f326e709000-7f326e976000 r--p 00000000 08:10 43385                      /usr/lib/jvm/java-11-openjdk-amd64/lib/server/libjvm.so
7f326e976000-7f326f509000 r-xp 0026d000 08:10 43385                      /usr/lib/jvm/java-11-openjdk-amd64/lib/server/libjvm.so
7f326f509000-7f326f73f000 r--p 00e00000 08:10 43385                      /usr/lib/jvm/java-11-openjdk-amd64/lib/server/libjvm.so
7f326f73f000-7f326f740000 ---p 01036000 08:10 43385                      /usr/lib/jvm/java-11-openjdk-amd64/lib/server/libjvm.so
7f326f740000-7f326f7fd000 r--p 01036000 08:10 43385                      /usr/lib/jvm/java-11-openjdk-amd64/lib/server/libjvm.so
7f326f7fd000-7f326f837000 rw-p 010f3000 08:10 43385                      /usr/lib/jvm/java-11-openjdk-amd64/lib/server/libjvm.so
7f326f837000-7f326f88f000 rw-p 00000000 00:00 0 
7f326f88f000-7f326f896000 r--p 00000000 08:10 11473                      /usr/lib/x86_64-linux-gnu/libpthread-2.31.so
7f326f896000-7f326f8a7000 r-xp 00007000 08:10 11473                      /usr/lib/x86_64-linux-gnu/libpthread-2.31.so
7f326f8a7000-7f326f8ac000 r--p 00018000 08:10 11473                      /usr/lib/x86_64-linux-gnu/libpthread-2.31.so
7f326f8ac000-7f326f8ad000 r--p 0001c000 08:10 11473                      /usr/lib/x86_64-linux-gnu/libpthread-2.31.so
7f326f8ad000-7f326f8ae000 rw-p 0001d000 08:10 11473                      /usr/lib/x86_64-linux-gnu/libpthread-2.31.so
7f326f8ae000-7f326f8b2000 rw-p 00000000 00:00 0 
7f326f8b2000-7f326f8b3000 r--p 00000000 08:10 11155                      /usr/lib/x86_64-linux-gnu/libdl-2.31.so
7f326f8b3000-7f326f8b5000 r-xp 00001000 08:10 11155                      /usr/lib/x86_64-linux-gnu/libdl-2.31.so
7f326f8b5000-7f326f8b6000 r--p 00003000 08:10 11155                      /usr/lib/x86_64-linux-gnu/libdl-2.31.so
7f326f8b6000-7f326f8b7000 r--p 00003000 08:10 11155                      /usr/lib/x86_64-linux-gnu/libdl-2.31.so
7f326f8b7000-7f326f8b8000 rw-p 00004000 08:10 11155                      /usr/lib/x86_64-linux-gnu/libdl-2.31.so
7f326f8b8000-7f326f8ba000 r--p 00000000 08:10 11647                      /usr/lib/x86_64-linux-gnu/libz.so.1.2.11
7f326f8ba000-7f326f8cb000 r-xp 00002000 08:10 11647                      /usr/lib/x86_64-linux-gnu/libz.so.1.2.11
7f326f8cb000-7f326f8d1000 r--p 00013000 08:10 11647                      /usr/lib/x86_64-linux-gnu/libz.so.1.2.11
7f326f8d1000-7f326f8d2000 ---p 00019000 08:10 11647                      /usr/lib/x86_64-linux-gnu/libz.so.1.2.11
7f326f8d2000-7f326f8d3000 r--p 00019000 08:10 11647                      /usr/lib/x86_64-linux-gnu/libz.so.1.2.11
7f326f8d3000-7f326f8d4000 rw-p 0001a000 08:10 11647                      /usr/lib/x86_64-linux-gnu/libz.so.1.2.11
7f326f8d4000-7f326f8f9000 r--p 00000000 08:10 11116                      /usr/lib/x86_64-linux-gnu/libc-2.31.so
7f326f8f9000-7f326fa71000 r-xp 00025000 08:10 11116                      /usr/lib/x86_64-linux-gnu/libc-2.31.so
7f326fa71000-7f326fabb000 r--p 0019d000 08:10 11116                      /usr/lib/x86_64-linux-gnu/libc-2.31.so
7f326fabb000-7f326fabc000 ---p 001e7000 08:10 11116                      /usr/lib/x86_64-linux-gnu/libc-2.31.so
7f326fabc000-7f326fabf000 r--p 001e7000 08:10 11116                      /usr/lib/x86_64-linux-gnu/libc-2.31.so
7f326fabf000-7f326fac2000 rw-p 001ea000 08:10 11116                      /usr/lib/x86_64-linux-gnu/libc-2.31.so
7f326fac2000-7f326fac6000 rw-p 00000000 00:00 0 
7f326fac6000-7f326fac7000 r--p 00000000 08:10 2982                       /usr/lib/locale/C.UTF-8/LC_NAME
7f326fac7000-7f326fac8000 r--p 00000000 08:10 2974                       /usr/lib/locale/C.UTF-8/LC_ADDRESS
7f326fac8000-7f326fac9000 r--p 00000000 08:10 2985                       /usr/lib/locale/C.UTF-8/LC_TELEPHONE
7f326fac9000-7f326faca000 r--p 00000000 08:10 2978                       /usr/lib/locale/C.UTF-8/LC_MEASUREMENT
7f326faca000-7f326facc000 r--s 0000c000 08:10 52442                      /usr/share/java/java-atk-wrapper.jar
7f326facc000-7f326facd000 ---p 00000000 00:00 0 
7f326facd000-7f326face000 r--p 00000000 00:00 0 
7f326face000-7f326fad1000 r--p 00000000 08:10 43273                      /usr/lib/jvm/java-11-openjdk-amd64/lib/jli/libjli.so
7f326fad1000-7f326fadb000 r-xp 00003000 08:10 43273                      /usr/lib/jvm/java-11-openjdk-amd64/lib/jli/libjli.so
7f326fadb000-7f326fade000 r--p 0000d000 08:10 43273                      /usr/lib/jvm/java-11-openjdk-amd64/lib/jli/libjli.so
7f326fade000-7f326fadf000 r--p 0000f000 08:10 43273                      /usr/lib/jvm/java-11-openjdk-amd64/lib/jli/libjli.so
7f326fadf000-7f326fae0000 rw-p 00010000 08:10 43273                      /usr/lib/jvm/java-11-openjdk-amd64/lib/jli/libjli.so
7f326fae0000-7f326fae2000 rw-p 00000000 00:00 0 
7f326fae2000-7f326fae3000 r--p 00000000 08:10 11000                      /usr/lib/x86_64-linux-gnu/ld-2.31.so
7f326fae3000-7f326fb06000 r-xp 00001000 08:10 11000                      /usr/lib/x86_64-linux-gnu/ld-2.31.so
7f326fb06000-7f326fb0e000 r--p 00024000 08:10 11000                      /usr/lib/x86_64-linux-gnu/ld-2.31.so
7f326fb0e000-7f326fb0f000 r--p 00000000 08:10 2977                       /usr/lib/locale/C.UTF-8/LC_IDENTIFICATION
7f326fb0f000-7f326fb10000 r--p 0002c000 08:10 11000                      /usr/lib/x86_64-linux-gnu/ld-2.31.so
7f326fb10000-7f326fb11000 rw-p 0002d000 08:10 11000                      /usr/lib/x86_64-linux-gnu/ld-2.31.so
7f326fb11000-7f326fb12000 rw-p 00000000 00:00 0 
7ffdd7af2000-7ffdd7b13000 rw-p 00000000 00:00 0                          [stack]
7ffdd7b41000-7ffdd7b45000 r--p 00000000 00:00 0                          [vvar]
7ffdd7b45000-7ffdd7b46000 r-xp 00000000 00:00 0                          [vdso]


VM Arguments:
jvm_args: -Djava.library.path=../c/ 
java_command: MultiMatriz
java_class_path (initial): .
Launcher Type: SUN_STANDARD

[Global flags]
     intx CICompilerCount                          = 4                                         {product} {ergonomic}
     uint ConcGCThreads                            = 2                                         {product} {ergonomic}
     uint G1ConcRefinementThreads                  = 8                                         {product} {ergonomic}
   size_t G1HeapRegionSize                         = 1048576                                   {product} {ergonomic}
    uintx GCDrainStackTargetSize                   = 64                                        {product} {ergonomic}
   size_t InitialHeapSize                          = 102760448                                 {product} {ergonomic}
   size_t MarkStackSize                            = 4194304                                   {product} {ergonomic}
   size_t MaxHeapSize                              = 1633681408                                {product} {ergonomic}
   size_t MaxNewSize                               = 979369984                                 {product} {ergonomic}
   size_t MinHeapDeltaBytes                        = 1048576                                   {product} {ergonomic}
    uintx NonNMethodCodeHeapSize                   = 5836300                                {pd product} {ergonomic}
    uintx NonProfiledCodeHeapSize                  = 122910970                              {pd product} {ergonomic}
    uintx ProfiledCodeHeapSize                     = 122910970                              {pd product} {ergonomic}
    uintx ReservedCodeCacheSize                    = 251658240                              {pd product} {ergonomic}
     bool SegmentedCodeCache                       = true                                      {product} {ergonomic}
     bool UseCompressedClassPointers               = true                                 {lp64_product} {ergonomic}
     bool UseCompressedOops                        = true                                 {lp64_product} {ergonomic}
     bool UseG1GC                                  = true                                      {product} {ergonomic}

Logging:
Log output configuration:
 #0: stdout all=warning uptime,level,tags
 #1: stderr all=off uptime,level,tags

Environment Variables:
JAVA_HOME=/usr/lib/jvm/java-11-openjdk-amd64
PATH=/home/enrico/.vscode-server/bin/f80445acd5a3dadef24aa209168452a3d97cc326/bin/remote-cli:/usr/local/sbin:/usr/local/bin:/usr/sbin:/usr/bin:/sbin:/bin:/usr/games:/usr/local/games:/usr/lib/wsl/lib:/mnt/c/Program Files/Common Files/Oracle/Java/javapath:/mnt/c/Windows/system32:/mnt/c/Windows:/mnt/c/Windows/System32/Wbem:/mnt/c/Windows/System32/WindowsPowerShell/v1.0/:/mnt/c/Windows/System32/OpenSSH/:/mnt/c/Program Files (x86)/Intel/Intel(R) Management Engine Components/DAL:/mnt/c/Program Files/Intel/Intel(R) Management Engine Components/DAL:/mnt/c/Program Files/Git/cmd:/mnt/c/Program Files (x86)/Brackets/command:/mnt/c/Program Files/nodejs/:/mnt/c/Users/gertec/AppData/Local/Programs/Python/Python310/Scripts/:/mnt/c/Users/gertec/AppData/Local/Programs/Python/Python310/:/mnt/c/msys64/mingw64/bin:/mnt/c/Users/gertec/AppData/Local/Microsoft/WindowsApps:/mnt/c/Users/gertec/AppData/Local/Programs/Microsoft VS Code/bin:/mnt/c/Program Files/EFTlab/BP-Tools/bin:/mnt/c/Users/gertec/AppData/Roaming/npm:/snap/bin
SHELL=/bin/bash
HOSTTYPE=x86_64

Signal Handlers:
SIGSEGV: [libjvm.so+0xd8cfb0], sa_mask[0]=11111111011111111101111111111110, sa_flags=SA_RESTART|SA_SIGINFO
SIGBUS: [libjvm.so+0xd8cfb0], sa_mask[0]=11111111011111111101111111111110, sa_flags=SA_RESTART|SA_SIGINFO
SIGFPE: [libjvm.so+0xd8cfb0], sa_mask[0]=11111111011111111101111111111110, sa_flags=SA_RESTART|SA_SIGINFO
SIGPIPE: [libjvm.so+0xb85c00], sa_mask[0]=11111111011111111101111111111110, sa_flags=SA_RESTART|SA_SIGINFO
SIGXFSZ: [libjvm.so+0xb85c00], sa_mask[0]=11111111011111111101111111111110, sa_flags=SA_RESTART|SA_SIGINFO
SIGILL: [libjvm.so+0xd8cfb0], sa_mask[0]=11111111011111111101111111111110, sa_flags=SA_RESTART|SA_SIGINFO
SIGUSR2: [libjvm.so+0xb85aa0], sa_mask[0]=00000000000000000000000000000000, sa_flags=SA_RESTART|SA_SIGINFO
SIGHUP: [libjvm.so+0xb85f40], sa_mask[0]=11111111011111111101111111111110, sa_flags=SA_RESTART|SA_SIGINFO
SIGINT: [libjvm.so+0xb85f40], sa_mask[0]=11111111011111111101111111111110, sa_flags=SA_RESTART|SA_SIGINFO
SIGTERM: [libjvm.so+0xb85f40], sa_mask[0]=11111111011111111101111111111110, sa_flags=SA_RESTART|SA_SIGINFO
SIGQUIT: [libjvm.so+0xb85f40], sa_mask[0]=11111111011111111101111111111110, sa_flags=SA_RESTART|SA_SIGINFO


---------------  S Y S T E M  ---------------

OS:DISTRIB_ID=Ubuntu
DISTRIB_RELEASE=20.04
DISTRIB_CODENAME=focal
DISTRIB_DESCRIPTION="Ubuntu 20.04 LTS"
uname:Linux 5.10.16.3-microsoft-standard-WSL2 #1 SMP Fri Apr 2 22:23:49 UTC 2021 x86_64
OS uptime: 0 days 5:21 hours
libc:glibc 2.31 NPTL 2.31 
rlimit: STACK 8192k, CORE 0k, NPROC 24897, NOFILE 4096, AS infinity, CPU infinity, DATA infinity, FSIZE infinity
load average:0.17 0.06 0.01

/proc/meminfo:
MemTotal:        6377976 kB
MemFree:         3400600 kB
MemAvailable:    5188480 kB
Buffers:           60348 kB
Cached:          1890036 kB
SwapCached:            0 kB
Active:           329304 kB
Inactive:        2437628 kB
Active(anon):        176 kB
Inactive(anon):   816436 kB
Active(file):     329128 kB
Inactive(file):  1621192 kB
Unevictable:           0 kB
Mlocked:               0 kB
SwapTotal:       2097152 kB
SwapFree:        2097152 kB
Dirty:               148 kB
Writeback:             0 kB
AnonPages:        799204 kB
Mapped:            98356 kB
Shmem:                72 kB
KReclaimable:      94888 kB
Slab:             123408 kB
SReclaimable:      94888 kB
SUnreclaim:        28520 kB
KernelStack:        4928 kB
PageTables:        11080 kB
NFS_Unstable:          0 kB
Bounce:                0 kB
WritebackTmp:          0 kB
CommitLimit:     5286140 kB
Committed_AS:    1429748 kB
VmallocTotal:   34359738367 kB
VmallocUsed:       24560 kB
VmallocChunk:          0 kB
Percpu:             2432 kB
AnonHugePages:    450560 kB
ShmemHugePages:        0 kB
ShmemPmdMapped:        0 kB
FileHugePages:         0 kB
FilePmdMapped:         0 kB
HugePages_Total:       0
HugePages_Free:        0
HugePages_Rsvd:        0
HugePages_Surp:        0
Hugepagesize:       2048 kB
Hugetlb:               0 kB
DirectMap4k:       93184 kB
DirectMap2M:     4401152 kB
DirectMap1G:     3145728 kB


/proc/sys/kernel/threads-max (system-wide limit on the number of threads):
49794


/proc/sys/vm/max_map_count (maximum number of memory map areas a process may have):
65530


/proc/sys/kernel/pid_max (system-wide limit on number of process identifiers):
32768



container (cgroup) information:
container_type: cgroupv1
cpu_cpuset_cpus: 0-7
cpu_memory_nodes: 0
active_processor_count: 8
cpu_quota: -1
cpu_period: 100000
cpu_shares: -1
memory_limit_in_bytes: -1
memory_and_swap_limit_in_bytes: -1
memory_soft_limit_in_bytes: -1
memory_usage_in_bytes: 2815840256
memory_max_usage_in_bytes: 1699450880

HyperV virtualization detected
Steal ticks since vm start: 0
Steal ticks percentage since vm start:  0.000

CPU:total 8 (initial active 8) (4 cores per cpu, 2 threads per core) family 6 model 142 stepping 12, cmov, cx8, fxsr, mmx, sse, sse2, sse3, ssse3, sse4.1, sse4.2, popcnt, avx, avx2, aes, clmul, erms, 3dnowpref, lzcnt, ht, tsc, bmi1, bmi2, adx, fma
CPU Model and flags from /proc/cpuinfo:
model name	: Intel(R) Core(TM) i5-8265U CPU @ 1.60GHz
flags		: fpu vme de pse tsc msr pae mce cx8 apic sep mtrr pge mca cmov pat pse36 clflush mmx fxsr sse sse2 ss ht syscall nx pdpe1gb rdtscp lm constant_tsc rep_good nopl xtopology cpuid pni pclmulqdq ssse3 fma cx16 pcid sse4_1 sse4_2 movbe popcnt aes xsave avx f16c rdrand hypervisor lahf_lm abm 3dnowprefetch invpcid_single ssbd ibrs ibpb stibp ibrs_enhanced fsgsbase bmi1 avx2 smep bmi2 erms invpcid rdseed adx smap clflushopt xsaveopt xsavec xgetbv1 xsaves flush_l1d arch_capabilities

Memory: 4k page, physical 6377976k(3400600k free), swap 2097152k(2097152k free)

vm_info: OpenJDK 64-Bit Server VM (11.0.7+10-post-Ubuntu-3ubuntu1) for linux-amd64 JRE (11.0.7+10-post-Ubuntu-3ubuntu1), built on Apr 16 2020 12:54:17 by "unknown" with gcc 9.3.0

END.
